<?xml version="1.0" encoding="UTF-8"?>
<!-- Generated by org.testng.reporters.JUnitReportReporter -->
<testsuite skipped="0" hostname="LAPTOP-I3ABMITL" name="testNG.DriveACar" tests="5" failures="0" timestamp="29 Mar 2020 15:38:30 GMT" time="0.008" errors="0">
  <testcase name="startTheCar" time="0.000" classname="testNG.DriveACar"/>
  <testcase name="putFirstGear" time="0.002" classname="testNG.DriveACar"/>
  <testcase name="putSecondGear" time="0.002" classname="testNG.DriveACar"/>
  <testcase name="putThirdGear" time="0.002" classname="testNG.DriveACar"/>
  <testcase name="putFourthGear" time="0.002" classname="testNG.DriveACar"/>
</testsuite> <!-- testNG.DriveACar -->
