<?xml version="1.0" encoding="UTF-8"?>
<!-- Generated by org.testng.reporters.JUnitReportReporter -->
<testsuite skipped="0" hostname="LAPTOP-I3ABMITL" name="testNG.NewTest" tests="1" failures="0" timestamp="30 Mar 2020 15:12:59 GMT" time="0.004" errors="0">
  <testcase name="test" time="0.004" classname="testNG.NewTest"/>
</testsuite> <!-- testNG.NewTest -->
