<?xml version="1.0" encoding="UTF-8"?>
<!-- Generated by org.testng.reporters.JUnitReportReporter -->
<testsuite skipped="0" hostname="LAPTOP-I3ABMITL" name="testNG.ParallelTesting" tests="2" failures="0" timestamp="30 Mar 2020 14:11:45 GMT" time="15.298" errors="0">
  <testcase name="openGoogle" time="8.616" classname="testNG.ParallelTesting"/>
  <testcase name="openBing" time="6.682" classname="testNG.ParallelTesting"/>
</testsuite> <!-- testNG.ParallelTesting -->
