<?xml version="1.0" encoding="UTF-8"?>
<!-- Generated by org.testng.reporters.JUnitReportReporter -->
<testsuite skipped="0" hostname="LAPTOP-I3ABMITL" name="testNG.SampleTestCase" tests="1" failures="0" timestamp="30 Mar 2020 15:46:15 GMT" time="0.007" errors="0">
  <testcase name="firstTestCase" time="0.007" classname="testNG.SampleTestCase"/>
</testsuite> <!-- testNG.SampleTestCase -->
