<?xml version="1.0" encoding="UTF-8"?>
<!-- Generated by org.testng.reporters.JUnitReportReporter -->
<testsuite skipped="0" hostname="LAPTOP-I3ABMITL" name="testNG.ParameterizationExample" tests="1" failures="0" timestamp="30 Mar 2020 14:11:01 GMT" time="0.006" errors="0">
  <testcase name="printName" time="0.006" classname="testNG.ParameterizationExample"/>
</testsuite> <!-- testNG.ParameterizationExample -->
