<?xml version="1.0" encoding="UTF-8"?>
<!-- Generated by org.testng.reporters.JUnitReportReporter -->
<testsuite skipped="0" hostname="LAPTOP-I3ABMITL" name="testNG.DependanciesManagment" tests="3" failures="0" timestamp="29 Mar 2020 15:38:30 GMT" time="0.006" errors="0">
  <testcase name="engineering" time="0.001" classname="testNG.DependanciesManagment"/>
  <testcase name="higherSecondary" time="0.001" classname="testNG.DependanciesManagment"/>
  <testcase name="highSchool" time="0.004" classname="testNG.DependanciesManagment"/>
</testsuite> <!-- testNG.DependanciesManagment -->
