<?xml version="1.0" encoding="UTF-8"?>
<!-- Generated by org.testng.reporters.JUnitReportReporter -->
<testsuite skipped="0" hostname="LAPTOP-I3ABMITL" name="testNG.AnnotationsHierarchyExample" tests="2" failures="0" timestamp="30 Mar 2020 15:22:19 GMT" time="0.004" errors="0">
  <testcase name="test2" time="0.001" classname="testNG.AnnotationsHierarchyExample"/>
  <testcase name="test" time="0.003" classname="testNG.AnnotationsHierarchyExample"/>
</testsuite> <!-- testNG.AnnotationsHierarchyExample -->
