<?xml version="1.0" encoding="UTF-8"?>
<!-- Generated by org.testng.reporters.JUnitReportReporter -->
<testsuite skipped="1" hostname="LAPTOP-I3ABMITL" name="testNG.SkipATestCase" tests="6" failures="0" timestamp="29 Mar 2020 15:38:30 GMT" time="0.007" errors="0">
  <testcase name="startTheCar" time="0.001" classname="testNG.SkipATestCase"/>
  <testcase name="putFirstGear" time="0.002" classname="testNG.SkipATestCase"/>
  <testcase name="putSecondGear" time="0.001" classname="testNG.SkipATestCase"/>
  <testcase name="putThirdGear" time="0.001" classname="testNG.SkipATestCase"/>
  <testcase name="putFourthGear" time="0.002" classname="testNG.SkipATestCase"/>
  <testcase name="turnTheMusicOn" classname="testNG.SkipATestCase">
    <skipped/>
  </testcase> <!-- turnTheMusicOn -->
</testsuite> <!-- testNG.SkipATestCase -->
