<?xml version="1.0" encoding="UTF-8"?>
<!-- Generated by org.testng.reporters.JUnitReportReporter -->
<testsuite skipped="0" hostname="LAPTOP-I3ABMITL" name="testNG.GroupingExample" tests="4" failures="0" timestamp="29 Mar 2020 19:53:54 GMT" time="0.010" errors="0">
  <testcase name="VIVO1" time="0.007" classname="testNG.GroupingExample"/>
  <testcase name="moto2" time="0.000" classname="testNG.GroupingExample"/>
  <testcase name="moto1" time="0.001" classname="testNG.GroupingExample"/>
  <testcase name="VIVO2" time="0.002" classname="testNG.GroupingExample"/>
</testsuite> <!-- testNG.GroupingExample -->
