<?xml version="1.0" encoding="UTF-8"?>
<!-- Generated by org.testng.reporters.JUnitReportReporter -->
<testsuite skipped="0" hostname="LAPTOP-I3ABMITL" name="testNG.SuiteExample" tests="3" failures="0" timestamp="30 Mar 2020 14:16:13 GMT" time="4.240" errors="0">
  <testcase name="openBing" time="0.496" classname="testNG.SuiteExample"/>
  <testcase name="openYahoo" time="1.613" classname="testNG.SuiteExample"/>
  <testcase name="openGoogle" time="2.131" classname="testNG.SuiteExample"/>
</testsuite> <!-- testNG.SuiteExample -->
